0 info it worked if it ends with ok
1 verbose cli [ 'C:\\Program Files\\nodejs\\node.exe',
1 verbose cli   'C:\\Program Files\\nodejs\\node_modules\\npm\\bin\\npm-cli.js',
1 verbose cli   'install',
1 verbose cli   'gulp' ]
2 info using npm@2.15.9
3 info using node@v4.5.0
4 verbose install initial load of D:\项目期\20161201\project\package.json
5 warn package.json comfortable97@1.0.0 No description
6 verbose readDependencies loading dependencies from D:\项目期\20161201\project\package.json
7 silly cache add args [ 'gulp', null ]
8 verbose cache add spec gulp
9 silly cache add parsed spec Result {
9 silly cache add   raw: 'gulp',
9 silly cache add   scope: null,
9 silly cache add   name: 'gulp',
9 silly cache add   rawSpec: '',
9 silly cache add   spec: 'latest',
9 silly cache add   type: 'tag' }
10 silly addNamed gulp@latest
11 verbose addNamed "latest" is being treated as a dist-tag for gulp
12 info addNameTag [ 'gulp', 'latest' ]
13 silly mapToRegistry name gulp
14 silly mapToRegistry using default registry
15 silly mapToRegistry registry https://registry.npmjs.org/
16 silly mapToRegistry data Result {
16 silly mapToRegistry   raw: 'gulp',
16 silly mapToRegistry   scope: null,
16 silly mapToRegistry   name: 'gulp',
16 silly mapToRegistry   rawSpec: '',
16 silly mapToRegistry   spec: 'latest',
16 silly mapToRegistry   type: 'tag' }
17 silly mapToRegistry uri https://registry.npmjs.org/gulp
18 verbose addNameTag registry:https://registry.npmjs.org/gulp not in flight; fetching
19 verbose request uri https://registry.npmjs.org/gulp
20 verbose request no auth needed
21 info attempt registry request try #1 at 16:46:42
22 verbose request using bearer token for auth
23 verbose request id 9301c751c9099f2c
24 http request GET https://registry.npmjs.org/gulp
25 http 200 https://registry.npmjs.org/gulp
26 verbose headers { server: 'nginx/1.10.1',
26 verbose headers   'content-type': 'application/json',
26 verbose headers   'last-modified': 'Thu, 01 Dec 2016 20:37:27 GMT',
26 verbose headers   etag: 'W/"58408a07-1c94a"',
26 verbose headers   'content-encoding': 'gzip',
26 verbose headers   'cache-control': 'max-age=300',
26 verbose headers   'transfer-encoding': 'chunked',
26 verbose headers   'accept-ranges': 'bytes',
26 verbose headers   date: 'Sat, 03 Dec 2016 08:47:12 GMT',
26 verbose headers   via: '1.1 varnish',
26 verbose headers   connection: 'keep-alive',
26 verbose headers   'x-served-by': 'cache-ams4131-AMS',
26 verbose headers   'x-cache': 'MISS',
26 verbose headers   'x-cache-hits': '0',
26 verbose headers   'x-timer': 'S1480754832.720075,VS0,VE38',
26 verbose headers   vary: 'Accept-Encoding' }
27 silly get cb [ 200,
27 silly get   { server: 'nginx/1.10.1',
27 silly get     'content-type': 'application/json',
27 silly get     'last-modified': 'Thu, 01 Dec 2016 20:37:27 GMT',
27 silly get     etag: 'W/"58408a07-1c94a"',
27 silly get     'content-encoding': 'gzip',
27 silly get     'cache-control': 'max-age=300',
27 silly get     'transfer-encoding': 'chunked',
27 silly get     'accept-ranges': 'bytes',
27 silly get     date: 'Sat, 03 Dec 2016 08:47:12 GMT',
27 silly get     via: '1.1 varnish',
27 silly get     connection: 'keep-alive',
27 silly get     'x-served-by': 'cache-ams4131-AMS',
27 silly get     'x-cache': 'MISS',
27 silly get     'x-cache-hits': '0',
27 silly get     'x-timer': 'S1480754832.720075,VS0,VE38',
27 silly get     vary: 'Accept-Encoding' } ]
28 verbose get saving gulp to C:\Users\lx\AppData\Roaming\npm-cache\registry.npmjs.org\gulp\.cache.json
29 verbose correctMkdir C:\Users\lx\AppData\Roaming\npm-cache correctMkdir not in flight; initializing
30 silly addNameTag next cb for gulp with tag latest
31 silly addNamed gulp@3.9.1
32 verbose addNamed "3.9.1" is a plain semver version for gulp
33 silly mapToRegistry name gulp
34 silly mapToRegistry using default registry
35 silly mapToRegistry registry https://registry.npmjs.org/
36 silly mapToRegistry data Result {
36 silly mapToRegistry   raw: 'gulp',
36 silly mapToRegistry   scope: null,
36 silly mapToRegistry   name: 'gulp',
36 silly mapToRegistry   rawSpec: '',
36 silly mapToRegistry   spec: 'latest',
36 silly mapToRegistry   type: 'tag' }
37 silly mapToRegistry uri https://registry.npmjs.org/gulp
38 verbose addRemoteTarball https://registry.npmjs.org/gulp/-/gulp-3.9.1.tgz not in flight; adding
39 verbose addRemoteTarball [ 'https://registry.npmjs.org/gulp/-/gulp-3.9.1.tgz',
39 verbose addRemoteTarball   '571ce45928dd40af6514fc4011866016c13845b4' ]
40 info retry fetch attempt 1 at 16:47:21
41 info attempt registry request try #1 at 16:47:21
42 http fetch GET https://registry.npmjs.org/gulp/-/gulp-3.9.1.tgz
43 verbose request using bearer token for auth
44 http fetch 200 https://registry.npmjs.org/gulp/-/gulp-3.9.1.tgz
45 info retry will retry, error on last attempt: Error: read ECONNRESET
46 info retry will retry, error on last attempt: Error: read ECONNRESET
47 silly fetchAndShaCheck shasum 571ce45928dd40af6514fc4011866016c13845b4
48 verbose stack Error: shasum check failed for C:\Users\lx\AppData\Local\Temp\npm-8804-a3fcf3e7\registry.npmjs.org\gulp\-\gulp-3.9.1.tgz
48 verbose stack Expected: 571ce45928dd40af6514fc4011866016c13845b4
48 verbose stack Actual:   9e3107e7748571b63277ffd2c366744945492e67
48 verbose stack From:     https://registry.npmjs.org/gulp/-/gulp-3.9.1.tgz
48 verbose stack     at C:\Program Files\nodejs\node_modules\npm\node_modules\sha\index.js:25:8
48 verbose stack     at ReadStream.<anonymous> (C:\Program Files\nodejs\node_modules\npm\node_modules\sha\index.js:72:7)
48 verbose stack     at emitNone (events.js:72:20)
48 verbose stack     at ReadStream.emit (events.js:166:7)
48 verbose stack     at endReadableNT (_stream_readable.js:921:12)
48 verbose stack     at nextTickCallbackWith2Args (node.js:442:9)
48 verbose stack     at process._tickCallback (node.js:356:17)
49 verbose cwd D:\项目期\20161201\project
50 error Windows_NT 6.1.7600
51 error argv "C:\\Program Files\\nodejs\\node.exe" "C:\\Program Files\\nodejs\\node_modules\\npm\\bin\\npm-cli.js" "install" "gulp"
52 error node v4.5.0
53 error npm  v2.15.9
54 error shasum check failed for C:\Users\lx\AppData\Local\Temp\npm-8804-a3fcf3e7\registry.npmjs.org\gulp\-\gulp-3.9.1.tgz
54 error Expected: 571ce45928dd40af6514fc4011866016c13845b4
54 error Actual:   9e3107e7748571b63277ffd2c366744945492e67
54 error From:     https://registry.npmjs.org/gulp/-/gulp-3.9.1.tgz
55 error If you need help, you may report this error at:
55 error     <https://github.com/npm/npm/issues>
56 verbose exit [ 1, true ]
